<?xml version="1.0" encoding="UTF-8"?>
<testng-results ignored="0" total="1" passed="1" failed="0" skipped="0">
  <reporter-output>
  </reporter-output>
  <suite started-at="2023-09-03T21:38:24 NZST" name="Default suite" finished-at="2023-09-03T21:38:50 NZST" duration-ms="26516">
    <groups>
    </groups>
    <test started-at="2023-09-03T21:38:24 NZST" name="Default test" finished-at="2023-09-03T21:38:50 NZST" duration-ms="26516">
      <class name="com.amazon.automation.amazonAutomation.AmazonTest">
        <test-method is-config="true" signature="setUp()[pri:0, instance:com.amazon.automation.amazonAutomation.AmazonTest@c730b35]" started-at="2023-09-03T21:38:24 NZST" name="setUp" finished-at="2023-09-03T21:38:47 NZST" duration-ms="23592" status="PASS">
          <reporter-output>
          </reporter-output>
        </test-method> <!-- setUp -->
        <test-method signature="testSearchResultsDisplayed()[pri:0, instance:com.amazon.automation.amazonAutomation.AmazonTest@c730b35]" started-at="2023-09-03T21:38:47 NZST" name="testSearchResultsDisplayed" finished-at="2023-09-03T21:38:50 NZST" duration-ms="2561" status="PASS">
          <reporter-output>
          </reporter-output>
        </test-method> <!-- testSearchResultsDisplayed -->
        <test-method is-config="true" signature="CloseBrowser()[pri:0, instance:com.amazon.automation.amazonAutomation.AmazonTest@c730b35]" started-at="2023-09-03T21:38:50 NZST" name="CloseBrowser" finished-at="2023-09-03T21:38:50 NZST" duration-ms="332" status="PASS">
          <reporter-output>
          </reporter-output>
        </test-method> <!-- CloseBrowser -->
      </class> <!-- com.amazon.automation.amazonAutomation.AmazonTest -->
    </test> <!-- Default test -->
  </suite> <!-- Default suite -->
</testng-results>
